<?xml version="1.0" encoding="UTF-8"?>
<!-- Generated by org.testng.reporters.JUnitXMLReporter -->
<testsuite ignored="0" hostname="DESKTOP-V2FSN10" failures="0" tests="3" name="Default test" time="22.185" errors="0" timestamp="2021-11-20T10:30:13 IST">
  <testcase classname="Selenium.Automation.TestNgExample" name="verifyHomepageTitle" time="6.098"/>
  <testcase classname="Selenium.Automation.TestNgExample" name="verifyLoginPage" time="7.512"/>
  <testcase classname="Selenium.Automation.TestNgExample" name="verifyFlightReservation" time="8.534"/>
</testsuite> <!-- Default test -->
