<?xml version="1.0" encoding="UTF-8"?>
<testng-results ignored="0" total="3" passed="3" failed="0" skipped="0">
  <reporter-output>
  </reporter-output>
  <suite started-at="2021-11-20T10:29:50 IST" name="Default suite" finished-at="2021-11-20T10:30:13 IST" duration-ms="22185">
    <groups>
    </groups>
    <test started-at="2021-11-20T10:29:50 IST" name="Default test" finished-at="2021-11-20T10:30:13 IST" duration-ms="22185">
      <class name="Selenium.Automation.TestNgExample">
        <test-method signature="verifyHomepageTitle()[pri:1, instance:Selenium.Automation.TestNgExample@272ed83b]" started-at="2021-11-20T10:29:50 IST" name="verifyHomepageTitle" finished-at="2021-11-20T10:29:56 IST" duration-ms="6098" status="PASS">
          <reporter-output>
          </reporter-output>
        </test-method> <!-- verifyHomepageTitle -->
        <test-method signature="verifyLoginPage()[pri:2, instance:Selenium.Automation.TestNgExample@272ed83b]" started-at="2021-11-20T10:29:56 IST" name="verifyLoginPage" finished-at="2021-11-20T10:30:04 IST" duration-ms="7512" status="PASS">
          <reporter-output>
          </reporter-output>
        </test-method> <!-- verifyLoginPage -->
        <test-method signature="verifyFlightReservation()[pri:3, instance:Selenium.Automation.TestNgExample@272ed83b]" started-at="2021-11-20T10:30:04 IST" name="verifyFlightReservation" finished-at="2021-11-20T10:30:13 IST" duration-ms="8534" status="PASS">
          <reporter-output>
          </reporter-output>
        </test-method> <!-- verifyFlightReservation -->
      </class> <!-- Selenium.Automation.TestNgExample -->
    </test> <!-- Default test -->
  </suite> <!-- Default suite -->
</testng-results>
